SF:lib/src/controllers/easy_list_controller.dart
DA:30,3
DA:38,3
DA:41,3
DA:44,3
DA:49,0
DA:54,2
DA:59,0
DA:60,0
DA:63,1
DA:64,1
DA:67,0
DA:68,0
DA:71,1
DA:72,3
DA:75,1
DA:76,2
DA:78,2
DA:79,1
DA:80,2
DA:81,1
DA:83,3
DA:86,2
DA:90,1
DA:91,1
DA:92,1
DA:93,3
DA:95,1
DA:96,3
DA:98,1
DA:99,2
DA:102,3
DA:103,1
DA:104,3
DA:107,3
DA:113,1
DA:118,1
DA:119,1
DA:122,3
DA:125,2
DA:130,1
DA:131,2
DA:132,2
DA:133,2
DA:135,2
DA:136,2
DA:139,3
DA:140,1
DA:141,1
DA:142,2
DA:143,4
DA:145,1
DA:146,2
DA:147,1
DA:148,2
DA:150,3
DA:151,1
DA:152,3
DA:158,1
DA:163,2
DA:164,1
DA:167,2
DA:175,1
DA:178,1
DA:183,1
DA:187,1
DA:188,1
DA:189,2
DA:190,1
DA:191,2
DA:195,0
DA:201,0
DA:202,0
DA:204,0
DA:206,0
DA:207,0
DA:208,0
DA:211,0
DA:215,1
DA:217,2
DA:218,2
DA:219,2
DA:220,2
DA:221,1
LF:83
LH:70
end_of_record
SF:lib/src/controllers/easy_request_controller.dart
DA:29,3
DA:32,0
DA:35,0
DA:38,2
DA:44,0
DA:47,2
DA:49,4
DA:50,4
DA:54,1
DA:56,2
DA:57,2
DA:65,2
DA:69,1
DA:70,1
DA:72,2
DA:74,2
DA:75,2
DA:76,4
DA:77,2
DA:79,6
DA:87,1
DA:88,1
DA:89,1
DA:91,1
DA:94,0
DA:95,2
DA:99,1
DA:100,1
DA:101,2
DA:102,2
DA:104,2
DA:105,2
DA:108,3
DA:109,1
DA:110,2
DA:111,1
DA:112,2
DA:115,0
DA:116,2
DA:120,2
DA:123,1
DA:128,2
DA:129,1
DA:132,0
DA:133,2
DA:136,1
DA:144,2
DA:154,1
DA:161,0
DA:167,0
DA:168,0
DA:170,0
DA:172,0
DA:173,0
DA:174,0
DA:178,0
DA:183,1
DA:186,2
DA:187,2
DA:188,2
DA:192,1
DA:194,2
DA:195,2
DA:196,1
LF:64
LH:50
end_of_record
SF:lib/src/extensions/getx_extensions.dart
DA:15,1
DA:20,2
DA:21,2
DA:23,3
DA:31,1
DA:36,2
DA:37,3
DA:39,1
DA:46,1
DA:47,2
DA:48,2
LF:11
LH:11
end_of_record
SF:lib/src/models/easy_http_result.dart
DA:23,3
DA:29,6
DA:32,2
DA:35,6
DA:38,6
DA:40,1
DA:42,1
DA:43,2
DA:45,2
LF:9
LH:9
end_of_record
